<?xml version="1.0" encoding="UTF-8"?>
<testng-results skipped="0" failed="0" ignored="0" total="0" passed="0">
  <reporter-output>
  </reporter-output>
  <suite name="com.project.Durgasoft_6PMBatch.AppTest" duration-ms="10" started-at="2018-11-20T12:56:38Z" finished-at="2018-11-20T12:56:38Z">
    <groups>
    </groups>
    <test name="Command line test" duration-ms="10" started-at="2018-11-20T12:56:38Z" finished-at="2018-11-20T12:56:38Z">
    </test> <!-- Command line test -->
  </suite> <!-- com.project.Durgasoft_6PMBatch.AppTest -->
</testng-results>
